{"/home/travis/build/npmtest/node-npmtest-jquery-slimscroll/test.js":{"path":"/home/travis/build/npmtest/node-npmtest-jquery-slimscroll/test.js","s":{"1":2,"2":2,"3":2,"4":2,"5":2,"6":2,"7":2,"8":1,"9":2,"10":2,"11":1,"12":1,"13":1,"14":1,"15":2,"16":2,"17":2,"18":2,"19":1,"20":1,"21":2,"22":2,"23":2,"24":1,"25":1,"26":1,"27":1,"28":1,"29":1,"30":1,"31":1,"32":1,"33":1,"34":1,"35":1,"36":1,"37":1,"38":1,"39":2,"40":2,"41":1,"42":2,"43":2,"44":1,"45":2,"46":2,"47":1,"48":2,"49":2,"50":1,"51":1,"52":1,"53":1,"54":1},"b":{"1":[2,1,1,1],"2":[1,1,1,1],"3":[1,1],"4":[1,1],"5":[1,1],"6":[1,1],"7":[1,1],"8":[1,1],"9":[1,1],"10":[1,1,1],"11":[1,1],"12":[1,1],"13":[1,1],"14":[1,1],"15":[1,1],"16":[1,1],"17":[1,1]},"f":{"1":2,"2":2,"3":2,"4":2,"5":2,"6":1,"7":1,"8":1,"9":2,"10":2,"11":2,"12":2,"13":1},"fnMap":{"1":{"name":"(anonymous_1)","line":12,"loc":{"start":{"line":12,"column":1},"end":{"line":12,"column":13}}},"2":{"name":"(anonymous_2)","line":19,"loc":{"start":{"line":19,"column":5},"end":{"line":19,"column":17}}},"3":{"name":"(anonymous_3)","line":23,"loc":{"start":{"line":23,"column":24},"end":{"line":23,"column":36}}},"4":{"name":"(anonymous_4)","line":61,"loc":{"start":{"line":61,"column":5},"end":{"line":61,"column":17}}},"5":{"name":"(anonymous_5)","line":82,"loc":{"start":{"line":82,"column":5},"end":{"line":82,"column":17}}},"6":{"name":"(anonymous_6)","line":91,"loc":{"start":{"line":91,"column":77},"end":{"line":94,"column":10}}},"7":{"name":"(anonymous_7)","line":112,"loc":{"start":{"line":112,"column":83},"end":{"line":115,"column":10}},"skip":true},"8":{"name":"(anonymous_8)","line":123,"loc":{"start":{"line":123,"column":77},"end":{"line":126,"column":10}},"skip":true},"9":{"name":"(anonymous_9)","line":139,"loc":{"start":{"line":139,"column":12},"end":{"line":139,"column":40}},"skip":true},"10":{"name":"(anonymous_10)","line":147,"loc":{"start":{"line":147,"column":77},"end":{"line":150,"column":10}},"skip":true},"11":{"name":"(anonymous_11)","line":158,"loc":{"start":{"line":158,"column":83},"end":{"line":161,"column":10}},"skip":true},"12":{"name":"(anonymous_12)","line":169,"loc":{"start":{"line":169,"column":79},"end":{"line":172,"column":10}},"skip":true},"13":{"name":"(anonymous_13)","line":180,"loc":{"start":{"line":180,"column":75},"end":{"line":183,"column":10}},"skip":true}},"statementMap":{"1":{"start":{"line":12,"column":0},"end":{"line":195,"column":5}},"2":{"start":{"line":14,"column":4},"end":{"line":14,"column":14}},"3":{"start":{"line":19,"column":4},"end":{"line":56,"column":9}},"4":{"start":{"line":21,"column":8},"end":{"line":21,"column":19}},"5":{"start":{"line":23,"column":8},"end":{"line":35,"column":13}},"6":{"start":{"line":24,"column":12},"end":{"line":34,"column":13}},"7":{"start":{"line":25,"column":16},"end":{"line":28,"column":30}},"8":{"start":{"line":30,"column":16},"end":{"line":33,"column":27}},"9":{"start":{"line":37,"column":8},"end":{"line":39,"column":21}},"10":{"start":{"line":40,"column":8},"end":{"line":53,"column":9}},"11":{"start":{"line":43,"column":12},"end":{"line":46,"column":14}},"12":{"start":{"line":47,"column":12},"end":{"line":47,"column":18}},"13":{"start":{"line":50,"column":12},"end":{"line":51,"column":33}},"14":{"start":{"line":52,"column":12},"end":{"line":52,"column":18}},"15":{"start":{"line":55,"column":8},"end":{"line":55,"column":35}},"16":{"start":{"line":61,"column":4},"end":{"line":63,"column":9}},"17":{"start":{"line":62,"column":8},"end":{"line":62,"column":15}},"18":{"start":{"line":64,"column":4},"end":{"line":77,"column":5}},"19":{"start":{"line":70,"column":8},"end":{"line":70,"column":14}},"20":{"start":{"line":76,"column":8},"end":{"line":76,"column":14}},"21":{"start":{"line":82,"column":4},"end":{"line":84,"column":9}},"22":{"start":{"line":83,"column":8},"end":{"line":83,"column":15}},"23":{"start":{"line":85,"column":4},"end":{"line":194,"column":5}},"24":{"start":{"line":91,"column":8},"end":{"line":99,"column":10}},"25":{"start":{"line":98,"column":12},"end":{"line":98,"column":35}},"26":{"start":{"line":102,"column":8},"end":{"line":104,"column":63}},"27":{"start":{"line":105,"column":8},"end":{"line":105,"column":14}},"28":{"start":{"line":112,"column":8},"end":{"line":121,"column":10},"skip":true},"29":{"start":{"line":119,"column":12},"end":{"line":119,"column":55},"skip":true},"30":{"start":{"line":120,"column":12},"end":{"line":120,"column":48},"skip":true},"31":{"start":{"line":123,"column":8},"end":{"line":136,"column":10},"skip":true},"32":{"start":{"line":130,"column":12},"end":{"line":130,"column":76},"skip":true},"33":{"start":{"line":131,"column":12},"end":{"line":131,"column":73},"skip":true},"34":{"start":{"line":132,"column":12},"end":{"line":132,"column":74},"skip":true},"35":{"start":{"line":133,"column":12},"end":{"line":133,"column":79},"skip":true},"36":{"start":{"line":134,"column":12},"end":{"line":134,"column":25},"skip":true},"37":{"start":{"line":135,"column":12},"end":{"line":135,"column":45},"skip":true},"38":{"start":{"line":138,"column":8},"end":{"line":145,"column":14},"skip":true},"39":{"start":{"line":143,"column":16},"end":{"line":143,"column":29},"skip":true},"40":{"start":{"line":144,"column":16},"end":{"line":144,"column":55},"skip":true},"41":{"start":{"line":147,"column":8},"end":{"line":156,"column":10},"skip":true},"42":{"start":{"line":154,"column":12},"end":{"line":154,"column":25},"skip":true},"43":{"start":{"line":155,"column":12},"end":{"line":155,"column":45},"skip":true},"44":{"start":{"line":158,"column":8},"end":{"line":167,"column":10},"skip":true},"45":{"start":{"line":165,"column":12},"end":{"line":165,"column":25},"skip":true},"46":{"start":{"line":166,"column":12},"end":{"line":166,"column":48},"skip":true},"47":{"start":{"line":169,"column":8},"end":{"line":178,"column":10},"skip":true},"48":{"start":{"line":176,"column":12},"end":{"line":176,"column":25},"skip":true},"49":{"start":{"line":177,"column":12},"end":{"line":177,"column":46},"skip":true},"50":{"start":{"line":180,"column":8},"end":{"line":189,"column":10},"skip":true},"51":{"start":{"line":187,"column":12},"end":{"line":187,"column":94},"skip":true},"52":{"start":{"line":188,"column":12},"end":{"line":188,"column":48},"skip":true},"53":{"start":{"line":192,"column":8},"end":{"line":192,"column":35},"skip":true},"54":{"start":{"line":193,"column":8},"end":{"line":193,"column":14},"skip":true}},"branchMap":{"1":{"line":25,"type":"binary-expr","locations":[{"start":{"line":25,"column":23},"end":{"line":25,"column":62}},{"start":{"line":26,"column":20},"end":{"line":26,"column":70}},{"start":{"line":27,"column":20},"end":{"line":27,"column":71}},{"start":{"line":28,"column":20},"end":{"line":28,"column":29}}]},"2":{"line":30,"type":"binary-expr","locations":[{"start":{"line":30,"column":23},"end":{"line":30,"column":37}},{"start":{"line":31,"column":20},"end":{"line":31,"column":61}},{"start":{"line":32,"column":20},"end":{"line":32,"column":70}},{"start":{"line":33,"column":20},"end":{"line":33,"column":26}}]},"3":{"line":37,"type":"cond-expr","locations":[{"start":{"line":38,"column":14},"end":{"line":38,"column":20}},{"start":{"line":39,"column":14},"end":{"line":39,"column":20}}]},"4":{"line":40,"type":"switch","locations":[{"start":{"line":42,"column":8},"end":{"line":47,"column":18}},{"start":{"line":49,"column":8},"end":{"line":52,"column":18}}]},"5":{"line":44,"type":"binary-expr","locations":[{"start":{"line":44,"column":16},"end":{"line":44,"column":44}},{"start":{"line":44,"column":48},"end":{"line":44,"column":66}}]},"6":{"line":50,"type":"binary-expr","locations":[{"start":{"line":50,"column":21},"end":{"line":50,"column":49}},{"start":{"line":50,"column":53},"end":{"line":50,"column":72}}]},"7":{"line":64,"type":"switch","locations":[{"start":{"line":69,"column":4},"end":{"line":70,"column":14}},{"start":{"line":75,"column":4},"end":{"line":76,"column":14}}]},"8":{"line":85,"type":"switch","locations":[{"start":{"line":90,"column":4},"end":{"line":105,"column":14}},{"start":{"line":111,"column":4},"end":{"line":193,"column":14},"skip":true}]},"9":{"line":91,"type":"binary-expr","locations":[{"start":{"line":91,"column":42},"end":{"line":91,"column":73}},{"start":{"line":91,"column":77},"end":{"line":99,"column":9}}]},"10":{"line":102,"type":"binary-expr","locations":[{"start":{"line":102,"column":18},"end":{"line":102,"column":32}},{"start":{"line":103,"column":12},"end":{"line":103,"column":53}},{"start":{"line":104,"column":12},"end":{"line":104,"column":61}}]},"11":{"line":112,"type":"binary-expr","locations":[{"start":{"line":112,"column":45},"end":{"line":112,"column":79},"skip":true},{"start":{"line":112,"column":83},"end":{"line":121,"column":9},"skip":true}]},"12":{"line":123,"type":"binary-expr","locations":[{"start":{"line":123,"column":42},"end":{"line":123,"column":73},"skip":true},{"start":{"line":123,"column":77},"end":{"line":136,"column":9},"skip":true}]},"13":{"line":138,"type":"binary-expr","locations":[{"start":{"line":138,"column":48},"end":{"line":138,"column":85},"skip":true},{"start":{"line":139,"column":12},"end":{"line":145,"column":13},"skip":true}]},"14":{"line":147,"type":"binary-expr","locations":[{"start":{"line":147,"column":42},"end":{"line":147,"column":73},"skip":true},{"start":{"line":147,"column":77},"end":{"line":156,"column":9},"skip":true}]},"15":{"line":158,"type":"binary-expr","locations":[{"start":{"line":158,"column":45},"end":{"line":158,"column":79},"skip":true},{"start":{"line":158,"column":83},"end":{"line":167,"column":9},"skip":true}]},"16":{"line":169,"type":"binary-expr","locations":[{"start":{"line":169,"column":43},"end":{"line":169,"column":75},"skip":true},{"start":{"line":169,"column":79},"end":{"line":178,"column":9},"skip":true}]},"17":{"line":180,"type":"binary-expr","locations":[{"start":{"line":180,"column":41},"end":{"line":180,"column":71},"skip":true},{"start":{"line":180,"column":75},"end":{"line":189,"column":9},"skip":true}]}},"code":["/* istanbul instrument in package npmtest_jquery_slimscroll */","/*jslint","    bitwise: true,","    browser: true,","    maxerr: 8,","    maxlen: 96,","    node: true,","    nomen: true,","    regexp: true,","    stupid: true","*/","(function () {","    'use strict';","    var local;","","","","    // run shared js-env code - pre-init","    (function () {","        // init local","        local = {};","        // init modeJs","        local.modeJs = (function () {","            try {","                return typeof navigator.userAgent === 'string' &&","                    typeof document.querySelector('body') === 'object' &&","                    typeof XMLHttpRequest.prototype.open === 'function' &&","                    'browser';","            } catch (errorCaughtBrowser) {","                return module.exports &&","                    typeof process.versions.node === 'string' &&","                    typeof require('http').createServer === 'function' &&","                    'node';","            }","        }());","        // init global","        local.global = local.modeJs === 'browser'","            ? window","            : global;","        switch (local.modeJs) {","        // re-init local from window.local","        case 'browser':","            local = local.global.utility2.objectSetDefault(","                local.global.utility2_rollup || local.global.local,","                local.global.utility2","            );","            break;","        // re-init local from example.js","        case 'node':","            local = (local.global.utility2_rollup || require('utility2'))","                .requireReadme();","            break;","        }","        // export local","        local.global.local = local;","    }());","","","","    // run shared js-env code - function","    (function () {","        return;","    }());","    switch (local.modeJs) {","","","","    // run browser js-env code - function","    case 'browser':","        break;","","","","    // run node js-env code - function","    case 'node':","        break;","    }","","","","    // run shared js-env code - post-init","    (function () {","        return;","    }());","    switch (local.modeJs) {","","","","    // run browser js-env code - post-init","    case 'browser':","        local.testCase_browser_nullCase = local.testCase_browser_nullCase || function (","            options,","            onError","        ) {","        /*","         * this function will test browsers's null-case handling-behavior-behavior","         */","            onError(null, options);","        };","","        // run tests","        local.nop(local.modeTest &&","            document.querySelector('#testRunButton1') &&","            document.querySelector('#testRunButton1').click());","        break;","","","","    // run node js-env code - post-init","    /* istanbul ignore next */","    case 'node':","        local.testCase_buildApidoc_default = local.testCase_buildApidoc_default || function (","            options,","            onError","        ) {","        /*","         * this function will test buildApidoc's default handling-behavior-behavior","         */","            options = { modulePathList: module.paths };","            local.buildApidoc(options, onError);","        };","","        local.testCase_buildApp_default = local.testCase_buildApp_default || function (","            options,","            onError","        ) {","        /*","         * this function will test buildApp's default handling-behavior-behavior","         */","            local.testCase_buildReadme_default(options, local.onErrorThrow);","            local.testCase_buildLib_default(options, local.onErrorThrow);","            local.testCase_buildTest_default(options, local.onErrorThrow);","            local.testCase_buildCustomOrg_default(options, local.onErrorThrow);","            options = [];","            local.buildApp(options, onError);","        };","","        local.testCase_buildCustomOrg_default = local.testCase_buildCustomOrg_default ||","            function (options, onError) {","            /*","             * this function will test buildCustomOrg's default handling-behavior","             */","                options = {};","                local.buildCustomOrg(options, onError);","            };","","        local.testCase_buildLib_default = local.testCase_buildLib_default || function (","            options,","            onError","        ) {","        /*","         * this function will test buildLib's default handling-behavior","         */","            options = {};","            local.buildLib(options, onError);","        };","","        local.testCase_buildReadme_default = local.testCase_buildReadme_default || function (","            options,","            onError","        ) {","        /*","         * this function will test buildReadme's default handling-behavior-behavior","         */","            options = {};","            local.buildReadme(options, onError);","        };","","        local.testCase_buildTest_default = local.testCase_buildTest_default || function (","            options,","            onError","        ) {","        /*","         * this function will test buildTest's default handling-behavior","         */","            options = {};","            local.buildTest(options, onError);","        };","","        local.testCase_webpage_default = local.testCase_webpage_default || function (","            options,","            onError","        ) {","        /*","         * this function will test webpage's default handling-behavior","         */","            options = { modeCoverageMerge: true, url: local.serverLocalHost + '?modeTest=1' };","            local.browserTest(options, onError);","        };","","        // run test-server","        local.testRunServer(local);","        break;","    }","}());",""],"l":{"12":2,"14":2,"19":2,"21":2,"23":2,"24":2,"25":2,"30":1,"37":2,"40":2,"43":1,"47":1,"50":1,"52":1,"55":2,"61":2,"62":2,"64":2,"70":1,"76":1,"82":2,"83":2,"85":2,"91":1,"98":1,"102":1,"105":1,"112":1,"119":1,"120":1,"123":1,"130":1,"131":1,"132":1,"133":1,"134":1,"135":1,"138":1,"143":2,"144":2,"147":1,"154":2,"155":2,"158":1,"165":2,"166":2,"169":1,"176":2,"177":2,"180":1,"187":1,"188":1,"192":1,"193":1}},"/home/travis/build/npmtest/node-npmtest-jquery-slimscroll/lib.npmtest_jquery_slimscroll.js":{"path":"/home/travis/build/npmtest/node-npmtest-jquery-slimscroll/lib.npmtest_jquery_slimscroll.js","s":{"1":2,"2":2,"3":2,"4":2,"5":2,"6":2,"7":2,"8":1,"9":2,"10":2,"11":2,"12":2,"13":1,"14":1,"15":1,"16":1},"b":{"1":[2,1,1,1],"2":[1,1,1,1],"3":[1,1],"4":[2,2],"5":[1,1]},"f":{"1":2,"2":2,"3":2},"fnMap":{"1":{"name":"(anonymous_1)","line":12,"loc":{"start":{"line":12,"column":1},"end":{"line":12,"column":13}}},"2":{"name":"(anonymous_2)","line":19,"loc":{"start":{"line":19,"column":5},"end":{"line":19,"column":17}}},"3":{"name":"(anonymous_3)","line":23,"loc":{"start":{"line":23,"column":24},"end":{"line":23,"column":36}}}},"statementMap":{"1":{"start":{"line":12,"column":0},"end":{"line":53,"column":5}},"2":{"start":{"line":14,"column":4},"end":{"line":14,"column":14}},"3":{"start":{"line":19,"column":4},"end":{"line":52,"column":9}},"4":{"start":{"line":21,"column":8},"end":{"line":21,"column":19}},"5":{"start":{"line":23,"column":8},"end":{"line":35,"column":13}},"6":{"start":{"line":24,"column":12},"end":{"line":34,"column":13}},"7":{"start":{"line":25,"column":16},"end":{"line":28,"column":30}},"8":{"start":{"line":30,"column":16},"end":{"line":33,"column":27}},"9":{"start":{"line":37,"column":8},"end":{"line":39,"column":21}},"10":{"start":{"line":41,"column":8},"end":{"line":41,"column":54}},"11":{"start":{"line":43,"column":8},"end":{"line":43,"column":62}},"12":{"start":{"line":45,"column":8},"end":{"line":51,"column":9}},"13":{"start":{"line":46,"column":12},"end":{"line":46,"column":68}},"14":{"start":{"line":48,"column":12},"end":{"line":48,"column":35}},"15":{"start":{"line":49,"column":12},"end":{"line":49,"column":49}},"16":{"start":{"line":50,"column":12},"end":{"line":50,"column":43}}},"branchMap":{"1":{"line":25,"type":"binary-expr","locations":[{"start":{"line":25,"column":23},"end":{"line":25,"column":62}},{"start":{"line":26,"column":20},"end":{"line":26,"column":70}},{"start":{"line":27,"column":20},"end":{"line":27,"column":71}},{"start":{"line":28,"column":20},"end":{"line":28,"column":29}}]},"2":{"line":30,"type":"binary-expr","locations":[{"start":{"line":30,"column":23},"end":{"line":30,"column":37}},{"start":{"line":31,"column":20},"end":{"line":31,"column":61}},{"start":{"line":32,"column":20},"end":{"line":32,"column":70}},{"start":{"line":33,"column":20},"end":{"line":33,"column":26}}]},"3":{"line":37,"type":"cond-expr","locations":[{"start":{"line":38,"column":14},"end":{"line":38,"column":20}},{"start":{"line":39,"column":14},"end":{"line":39,"column":20}}]},"4":{"line":41,"type":"binary-expr","locations":[{"start":{"line":41,"column":16},"end":{"line":41,"column":44}},{"start":{"line":41,"column":48},"end":{"line":41,"column":53}}]},"5":{"line":45,"type":"if","locations":[{"start":{"line":45,"column":8},"end":{"line":45,"column":8}},{"start":{"line":45,"column":8},"end":{"line":45,"column":8}}]}},"code":["/* istanbul instrument in package npmtest_jquery_slimscroll */","/*jslint","    bitwise: true,","    browser: true,","    maxerr: 8,","    maxlen: 96,","    node: true,","    nomen: true,","    regexp: true,","    stupid: true","*/","(function () {","    'use strict';","    var local;","","","","    // run shared js-env code - pre-init","    (function () {","        // init local","        local = {};","        // init modeJs","        local.modeJs = (function () {","            try {","                return typeof navigator.userAgent === 'string' &&","                    typeof document.querySelector('body') === 'object' &&","                    typeof XMLHttpRequest.prototype.open === 'function' &&","                    'browser';","            } catch (errorCaughtBrowser) {","                return module.exports &&","                    typeof process.versions.node === 'string' &&","                    typeof require('http').createServer === 'function' &&","                    'node';","            }","        }());","        // init global","        local.global = local.modeJs === 'browser'","            ? window","            : global;","        // init utility2_rollup","        local = local.global.utility2_rollup || local;","        // init lib","        local.local = local.npmtest_jquery_slimscroll = local;","        // init exports","        if (local.modeJs === 'browser') {","            local.global.utility2_npmtest_jquery_slimscroll = local;","        } else {","            module.exports = local;","            module.exports.__dirname = __dirname;","            module.exports.module = module;","        }","    }());","}());",""],"l":{"12":2,"14":2,"19":2,"21":2,"23":2,"24":2,"25":2,"30":1,"37":2,"41":2,"43":2,"45":2,"46":1,"48":1,"49":1,"50":1}},"/home/travis/build/npmtest/node-npmtest-jquery-slimscroll/example.js":{"path":"/home/travis/build/npmtest/node-npmtest-jquery-slimscroll/example.js","s":{"1":2,"2":2,"3":2,"4":2,"5":2,"6":2,"7":2,"8":1,"9":2,"10":2,"11":2,"12":2,"13":1,"14":2,"15":2,"16":2,"17":2,"18":2,"19":0,"20":2,"21":1,"22":1,"23":1,"24":1,"25":1,"26":0,"27":0,"28":1,"29":1,"30":2,"31":0,"32":0,"33":0,"34":1,"35":2,"36":2,"37":3,"38":3,"39":3,"40":3,"41":0,"42":3,"43":3,"44":3,"45":1,"46":3,"47":1,"48":1,"49":1,"50":1,"51":1,"52":1,"53":1,"54":1,"55":1,"56":1,"57":0,"58":1,"59":6,"60":6,"61":1,"62":2,"63":0,"64":2,"65":1,"66":1,"67":0,"68":0,"69":0,"70":0,"71":0,"72":0,"73":0,"74":0,"75":0,"76":0,"77":0,"78":0,"79":0,"80":0,"81":0,"82":0,"83":0},"b":{"1":[2,1,1,1],"2":[1,1,1,1],"3":[1,1],"4":[2,2],"5":[1,1],"6":[1,1],"7":[2,0],"8":[2,1,1,1,1,1],"9":[0,2,0],"10":[1,1],"11":[2,1,1],"12":[1,0],"13":[0,2],"14":[2,0,0,0,0,0,0],"15":[0,3],"16":[3,0],"17":[1,1],"18":[0,1],"19":[1,2,0,2],"20":[1,0],"21":[1,1],"22":[0,0],"23":[0,0],"24":[0,0],"25":[0,0],"26":[0,0],"27":[0,0],"28":[0,0]},"f":{"1":2,"2":2,"3":2,"4":2,"5":2,"6":2,"7":3,"8":3,"9":3,"10":1,"11":6,"12":0},"fnMap":{"1":{"name":"(anonymous_1)","line":26,"loc":{"start":{"line":26,"column":1},"end":{"line":26,"column":13}}},"2":{"name":"(anonymous_2)","line":33,"loc":{"start":{"line":33,"column":5},"end":{"line":33,"column":17}}},"3":{"name":"(anonymous_3)","line":37,"loc":{"start":{"line":37,"column":24},"end":{"line":37,"column":36}}},"4":{"name":"(anonymous_4)","line":69,"loc":{"start":{"line":69,"column":31},"end":{"line":69,"column":48}},"skip":true},"5":{"name":"(anonymous_5)","line":78,"loc":{"start":{"line":78,"column":26},"end":{"line":78,"column":45}},"skip":true},"6":{"name":"(anonymous_6)","line":123,"loc":{"start":{"line":123,"column":33},"end":{"line":123,"column":48}},"skip":true},"7":{"name":"(anonymous_7)","line":125,"loc":{"start":{"line":125,"column":27},"end":{"line":125,"column":39}},"skip":true},"8":{"name":"(anonymous_8)","line":133,"loc":{"start":{"line":133,"column":59},"end":{"line":133,"column":74}},"skip":true},"9":{"name":"(anonymous_9)","line":143,"loc":{"start":{"line":143,"column":45},"end":{"line":143,"column":62}},"skip":true},"10":{"name":"(anonymous_10)","line":144,"loc":{"start":{"line":144,"column":73},"end":{"line":144,"column":92}},"skip":true},"11":{"name":"(anonymous_11)","line":272,"loc":{"start":{"line":272,"column":51},"end":{"line":272,"column":77}},"skip":true},"12":{"name":"(anonymous_12)","line":315,"loc":{"start":{"line":315,"column":32},"end":{"line":315,"column":61}},"skip":true}},"statementMap":{"1":{"start":{"line":26,"column":0},"end":{"line":326,"column":5}},"2":{"start":{"line":28,"column":4},"end":{"line":28,"column":14}},"3":{"start":{"line":33,"column":4},"end":{"line":60,"column":9}},"4":{"start":{"line":35,"column":8},"end":{"line":35,"column":19}},"5":{"start":{"line":37,"column":8},"end":{"line":49,"column":13}},"6":{"start":{"line":38,"column":12},"end":{"line":48,"column":13}},"7":{"start":{"line":39,"column":16},"end":{"line":42,"column":30}},"8":{"start":{"line":44,"column":16},"end":{"line":47,"column":27}},"9":{"start":{"line":51,"column":8},"end":{"line":53,"column":21}},"10":{"start":{"line":55,"column":8},"end":{"line":57,"column":45}},"11":{"start":{"line":59,"column":8},"end":{"line":59,"column":35}},"12":{"start":{"line":61,"column":4},"end":{"line":325,"column":5}},"13":{"start":{"line":69,"column":8},"end":{"line":121,"column":10},"skip":true},"14":{"start":{"line":70,"column":12},"end":{"line":88,"column":13},"skip":true},"15":{"start":{"line":76,"column":16},"end":{"line":87,"column":19},"skip":true},"16":{"start":{"line":79,"column":20},"end":{"line":86,"column":21},"skip":true},"17":{"start":{"line":82,"column":24},"end":{"line":82,"column":43},"skip":true},"18":{"start":{"line":83,"column":24},"end":{"line":83,"column":30},"skip":true},"19":{"start":{"line":85,"column":24},"end":{"line":85,"column":49},"skip":true},"20":{"start":{"line":89,"column":12},"end":{"line":107,"column":13},"skip":true},"21":{"start":{"line":92,"column":16},"end":{"line":102,"column":17},"skip":true},"22":{"start":{"line":93,"column":20},"end":{"line":93,"column":86},"skip":true},"23":{"start":{"line":94,"column":20},"end":{"line":95,"column":45},"skip":true},"24":{"start":{"line":96,"column":20},"end":{"line":96,"column":42},"skip":true},"25":{"start":{"line":97,"column":20},"end":{"line":97,"column":48},"skip":true},"26":{"start":{"line":100,"column":20},"end":{"line":100,"column":85},"skip":true},"27":{"start":{"line":101,"column":20},"end":{"line":101,"column":96},"skip":true},"28":{"start":{"line":103,"column":16},"end":{"line":103,"column":22},"skip":true},"29":{"start":{"line":106,"column":16},"end":{"line":106,"column":22},"skip":true},"30":{"start":{"line":108,"column":12},"end":{"line":120,"column":13},"skip":true},"31":{"start":{"line":114,"column":16},"end":{"line":119,"column":17},"skip":true},"32":{"start":{"line":116,"column":20},"end":{"line":116,"column":78},"skip":true},"33":{"start":{"line":118,"column":20},"end":{"line":118,"column":47},"skip":true},"34":{"start":{"line":123,"column":8},"end":{"line":141,"column":11},"skip":true},"35":{"start":{"line":124,"column":12},"end":{"line":124,"column":54},"skip":true},"36":{"start":{"line":125,"column":12},"end":{"line":140,"column":14},"skip":true},"37":{"start":{"line":126,"column":16},"end":{"line":126,"column":28},"skip":true},"38":{"start":{"line":127,"column":16},"end":{"line":127,"column":69},"skip":true},"39":{"start":{"line":128,"column":16},"end":{"line":128,"column":75},"skip":true},"40":{"start":{"line":129,"column":16},"end":{"line":131,"column":17},"skip":true},"41":{"start":{"line":130,"column":20},"end":{"line":130,"column":27},"skip":true},"42":{"start":{"line":133,"column":16},"end":{"line":137,"column":36},"skip":true},"43":{"start":{"line":134,"column":20},"end":{"line":136,"column":55},"skip":true},"44":{"start":{"line":139,"column":16},"end":{"line":139,"column":57},"skip":true},"45":{"start":{"line":143,"column":8},"end":{"line":147,"column":11},"skip":true},"46":{"start":{"line":144,"column":12},"end":{"line":146,"column":15},"skip":true},"47":{"start":{"line":145,"column":16},"end":{"line":145,"column":70},"skip":true},"48":{"start":{"line":149,"column":8},"end":{"line":149,"column":31},"skip":true},"49":{"start":{"line":150,"column":8},"end":{"line":150,"column":14},"skip":true},"50":{"start":{"line":158,"column":8},"end":{"line":158,"column":31},"skip":true},"51":{"start":{"line":160,"column":8},"end":{"line":160,"column":33},"skip":true},"52":{"start":{"line":161,"column":8},"end":{"line":161,"column":37},"skip":true},"53":{"start":{"line":162,"column":8},"end":{"line":162,"column":35},"skip":true},"54":{"start":{"line":164,"column":8},"end":{"line":164,"column":50},"skip":true},"55":{"start":{"line":166,"column":8},"end":{"line":256,"column":2},"skip":true},"56":{"start":{"line":258,"column":8},"end":{"line":286,"column":9},"skip":true},"57":{"start":{"line":259,"column":12},"end":{"line":269,"column":14},"skip":true},"58":{"start":{"line":271,"column":12},"end":{"line":285,"column":19},"skip":true},"59":{"start":{"line":274,"column":20},"end":{"line":274,"column":35},"skip":true},"60":{"start":{"line":275,"column":20},"end":{"line":284,"column":21},"skip":true},"61":{"start":{"line":277,"column":24},"end":{"line":277,"column":64},"skip":true},"62":{"start":{"line":279,"column":24},"end":{"line":279,"column":40},"skip":true},"63":{"start":{"line":281,"column":24},"end":{"line":281,"column":40},"skip":true},"64":{"start":{"line":283,"column":24},"end":{"line":283,"column":39},"skip":true},"65":{"start":{"line":288,"column":8},"end":{"line":290,"column":9},"skip":true},"66":{"start":{"line":289,"column":12},"end":{"line":289,"column":18},"skip":true},"67":{"start":{"line":291,"column":8},"end":{"line":293,"column":54},"skip":true},"68":{"start":{"line":296,"column":8},"end":{"line":301,"column":37},"skip":true},"69":{"start":{"line":303,"column":8},"end":{"line":303,"column":82},"skip":true},"70":{"start":{"line":306,"column":8},"end":{"line":308,"column":9},"skip":true},"71":{"start":{"line":307,"column":12},"end":{"line":307,"column":82},"skip":true},"72":{"start":{"line":310,"column":8},"end":{"line":312,"column":9},"skip":true},"73":{"start":{"line":311,"column":12},"end":{"line":311,"column":18},"skip":true},"74":{"start":{"line":313,"column":8},"end":{"line":313,"column":54},"skip":true},"75":{"start":{"line":314,"column":8},"end":{"line":314,"column":69},"skip":true},"76":{"start":{"line":315,"column":8},"end":{"line":323,"column":36},"skip":true},"77":{"start":{"line":316,"column":12},"end":{"line":316,"column":61},"skip":true},"78":{"start":{"line":317,"column":12},"end":{"line":320,"column":13},"skip":true},"79":{"start":{"line":318,"column":16},"end":{"line":318,"column":75},"skip":true},"80":{"start":{"line":319,"column":16},"end":{"line":319,"column":23},"skip":true},"81":{"start":{"line":321,"column":12},"end":{"line":321,"column":38},"skip":true},"82":{"start":{"line":322,"column":12},"end":{"line":322,"column":27},"skip":true},"83":{"start":{"line":324,"column":8},"end":{"line":324,"column":14},"skip":true}},"branchMap":{"1":{"line":39,"type":"binary-expr","locations":[{"start":{"line":39,"column":23},"end":{"line":39,"column":62}},{"start":{"line":40,"column":20},"end":{"line":40,"column":70}},{"start":{"line":41,"column":20},"end":{"line":41,"column":71}},{"start":{"line":42,"column":20},"end":{"line":42,"column":29}}]},"2":{"line":44,"type":"binary-expr","locations":[{"start":{"line":44,"column":23},"end":{"line":44,"column":37}},{"start":{"line":45,"column":20},"end":{"line":45,"column":61}},{"start":{"line":46,"column":20},"end":{"line":46,"column":70}},{"start":{"line":47,"column":20},"end":{"line":47,"column":26}}]},"3":{"line":51,"type":"cond-expr","locations":[{"start":{"line":52,"column":14},"end":{"line":52,"column":20}},{"start":{"line":53,"column":14},"end":{"line":53,"column":20}}]},"4":{"line":55,"type":"binary-expr","locations":[{"start":{"line":55,"column":16},"end":{"line":55,"column":44}},{"start":{"line":55,"column":49},"end":{"line":57,"column":43}}]},"5":{"line":55,"type":"cond-expr","locations":[{"start":{"line":56,"column":14},"end":{"line":56,"column":61}},{"start":{"line":57,"column":14},"end":{"line":57,"column":43}}]},"6":{"line":61,"type":"switch","locations":[{"start":{"line":68,"column":4},"end":{"line":150,"column":14},"skip":true},{"start":{"line":156,"column":4},"end":{"line":324,"column":14},"skip":true}]},"7":{"line":70,"type":"if","locations":[{"start":{"line":70,"column":12},"end":{"line":70,"column":12},"skip":true},{"start":{"line":70,"column":12},"end":{"line":70,"column":12},"skip":true}]},"8":{"line":70,"type":"binary-expr","locations":[{"start":{"line":70,"column":16},"end":{"line":70,"column":22},"skip":true},{"start":{"line":70,"column":27},"end":{"line":70,"column":32},"skip":true},{"start":{"line":71,"column":20},"end":{"line":71,"column":39},"skip":true},{"start":{"line":72,"column":20},"end":{"line":72,"column":49},"skip":true},{"start":{"line":73,"column":20},"end":{"line":73,"column":58},"skip":true},{"start":{"line":74,"column":20},"end":{"line":74,"column":69},"skip":true}]},"9":{"line":79,"type":"switch","locations":[{"start":{"line":80,"column":20},"end":{"line":80,"column":33},"skip":true},{"start":{"line":81,"column":20},"end":{"line":83,"column":30},"skip":true},{"start":{"line":84,"column":20},"end":{"line":85,"column":49},"skip":true}]},"10":{"line":89,"type":"switch","locations":[{"start":{"line":90,"column":12},"end":{"line":103,"column":22},"skip":true},{"start":{"line":105,"column":12},"end":{"line":106,"column":22},"skip":true}]},"11":{"line":89,"type":"binary-expr","locations":[{"start":{"line":89,"column":20},"end":{"line":89,"column":25},"skip":true},{"start":{"line":89,"column":29},"end":{"line":89,"column":48},"skip":true},{"start":{"line":89,"column":52},"end":{"line":89,"column":74},"skip":true}]},"12":{"line":92,"type":"if","locations":[{"start":{"line":92,"column":16},"end":{"line":92,"column":16},"skip":true},{"start":{"line":92,"column":16},"end":{"line":92,"column":16},"skip":true}]},"13":{"line":108,"type":"if","locations":[{"start":{"line":108,"column":12},"end":{"line":108,"column":12},"skip":true},{"start":{"line":108,"column":12},"end":{"line":108,"column":12},"skip":true}]},"14":{"line":108,"type":"binary-expr","locations":[{"start":{"line":108,"column":16},"end":{"line":108,"column":61},"skip":true},{"start":{"line":108,"column":66},"end":{"line":108,"column":72},"skip":true},{"start":{"line":108,"column":77},"end":{"line":108,"column":82},"skip":true},{"start":{"line":109,"column":20},"end":{"line":109,"column":39},"skip":true},{"start":{"line":110,"column":20},"end":{"line":110,"column":49},"skip":true},{"start":{"line":111,"column":20},"end":{"line":111,"column":58},"skip":true},{"start":{"line":112,"column":20},"end":{"line":112,"column":68},"skip":true}]},"15":{"line":129,"type":"if","locations":[{"start":{"line":129,"column":16},"end":{"line":129,"column":16},"skip":true},{"start":{"line":129,"column":16},"end":{"line":129,"column":16},"skip":true}]},"16":{"line":134,"type":"cond-expr","locations":[{"start":{"line":135,"column":26},"end":{"line":135,"column":29},"skip":true},{"start":{"line":136,"column":26},"end":{"line":136,"column":54},"skip":true}]},"17":{"line":164,"type":"binary-expr","locations":[{"start":{"line":164,"column":27},"end":{"line":164,"column":43},"skip":true},{"start":{"line":164,"column":47},"end":{"line":164,"column":49},"skip":true}]},"18":{"line":258,"type":"if","locations":[{"start":{"line":258,"column":8},"end":{"line":258,"column":8},"skip":true},{"start":{"line":258,"column":8},"end":{"line":258,"column":8},"skip":true}]},"19":{"line":275,"type":"switch","locations":[{"start":{"line":276,"column":20},"end":{"line":277,"column":64},"skip":true},{"start":{"line":278,"column":20},"end":{"line":279,"column":40},"skip":true},{"start":{"line":280,"column":20},"end":{"line":281,"column":40},"skip":true},{"start":{"line":282,"column":20},"end":{"line":283,"column":39},"skip":true}]},"20":{"line":288,"type":"if","locations":[{"start":{"line":288,"column":8},"end":{"line":288,"column":8},"skip":true},{"start":{"line":288,"column":8},"end":{"line":288,"column":8},"skip":true}]},"21":{"line":288,"type":"binary-expr","locations":[{"start":{"line":288,"column":12},"end":{"line":288,"column":40},"skip":true},{"start":{"line":288,"column":44},"end":{"line":288,"column":67},"skip":true}]},"22":{"line":292,"type":"binary-expr","locations":[{"start":{"line":292,"column":12},"end":{"line":292,"column":50},"skip":true},{"start":{"line":293,"column":12},"end":{"line":293,"column":53},"skip":true}]},"23":{"line":297,"type":"binary-expr","locations":[{"start":{"line":297,"column":12},"end":{"line":297,"column":75},"skip":true},{"start":{"line":298,"column":12},"end":{"line":301,"column":36},"skip":true}]},"24":{"line":303,"type":"binary-expr","locations":[{"start":{"line":303,"column":43},"end":{"line":303,"column":75},"skip":true},{"start":{"line":303,"column":79},"end":{"line":303,"column":81},"skip":true}]},"25":{"line":306,"type":"if","locations":[{"start":{"line":306,"column":8},"end":{"line":306,"column":8},"skip":true},{"start":{"line":306,"column":8},"end":{"line":306,"column":8},"skip":true}]},"26":{"line":310,"type":"if","locations":[{"start":{"line":310,"column":8},"end":{"line":310,"column":8},"skip":true},{"start":{"line":310,"column":8},"end":{"line":310,"column":8},"skip":true}]},"27":{"line":313,"type":"binary-expr","locations":[{"start":{"line":313,"column":27},"end":{"line":313,"column":43},"skip":true},{"start":{"line":313,"column":47},"end":{"line":313,"column":53},"skip":true}]},"28":{"line":317,"type":"if","locations":[{"start":{"line":317,"column":12},"end":{"line":317,"column":12},"skip":true},{"start":{"line":317,"column":12},"end":{"line":317,"column":12},"skip":true}]}},"code":["/*","example.js","","quickstart example","","instruction","    1. save this script as example.js","    2. run the shell command:","        $ npm install npmtest-jquery-slimscroll && PORT=8081 node example.js","    3. play with the browser-demo on http://127.0.0.1:8081","*/","","","","/* istanbul instrument in package npmtest_jquery_slimscroll */","/*jslint","    bitwise: true,","    browser: true,","    maxerr: 8,","    maxlen: 96,","    node: true,","    nomen: true,","    regexp: true,","    stupid: true","*/","(function () {","    'use strict';","    var local;","","","","    // run shared js-env code - pre-init","    (function () {","        // init local","        local = {};","        // init modeJs","        local.modeJs = (function () {","            try {","                return typeof navigator.userAgent === 'string' &&","                    typeof document.querySelector('body') === 'object' &&","                    typeof XMLHttpRequest.prototype.open === 'function' &&","                    'browser';","            } catch (errorCaughtBrowser) {","                return module.exports &&","                    typeof process.versions.node === 'string' &&","                    typeof require('http').createServer === 'function' &&","                    'node';","            }","        }());","        // init global","        local.global = local.modeJs === 'browser'","            ? window","            : global;","        // init utility2_rollup","        local = local.global.utility2_rollup || (local.modeJs === 'browser'","            ? local.global.utility2_npmtest_jquery_slimscroll","            : global.utility2_moduleExports);","        // export local","        local.global.local = local;","    }());","    switch (local.modeJs) {","","","","    // post-init","    // run browser js-env code - post-init","    /* istanbul ignore next */","    case 'browser':","        local.testRunBrowser = function (event) {","            if (!event || (event &&","                    event.currentTarget &&","                    event.currentTarget.className &&","                    event.currentTarget.className.includes &&","                    event.currentTarget.className.includes('onreset'))) {","                // reset output","                Array.from(","                    document.querySelectorAll('body > .resettable')","                ).forEach(function (element) {","                    switch (element.tagName) {","                    case 'INPUT':","                    case 'TEXTAREA':","                        element.value = '';","                        break;","                    default:","                        element.textContent = '';","                    }","                });","            }","            switch (event && event.currentTarget && event.currentTarget.id) {","            case 'testRunButton1':","                // show tests","                if (document.querySelector('#testReportDiv1').style.display === 'none') {","                    document.querySelector('#testReportDiv1').style.display = 'block';","                    document.querySelector('#testRunButton1').textContent =","                        'hide internal test';","                    local.modeTest = true;","                    local.testRunDefault(local);","                // hide tests","                } else {","                    document.querySelector('#testReportDiv1').style.display = 'none';","                    document.querySelector('#testRunButton1').textContent = 'run internal test';","                }","                break;","            // custom-case","            default:","                break;","            }","            if (document.querySelector('#inputTextareaEval1') && (!event || (event &&","                    event.currentTarget &&","                    event.currentTarget.className &&","                    event.currentTarget.className.includes &&","                    event.currentTarget.className.includes('oneval')))) {","                // try to eval input-code","                try {","                    /*jslint evil: true*/","                    eval(document.querySelector('#inputTextareaEval1').value);","                } catch (errorCaught) {","                    console.error(errorCaught);","                }","            }","        };","        // log stderr and stdout to #outputTextareaStdout1","        ['error', 'log'].forEach(function (key) {","            console[key + '_original'] = console[key];","            console[key] = function () {","                var element;","                console[key + '_original'].apply(console, arguments);","                element = document.querySelector('#outputTextareaStdout1');","                if (!element) {","                    return;","                }","                // append text to #outputTextareaStdout1","                element.value += Array.from(arguments).map(function (arg) {","                    return typeof arg === 'string'","                        ? arg","                        : JSON.stringify(arg, null, 4);","                }).join(' ') + '\\n';","                // scroll textarea to bottom","                element.scrollTop = element.scrollHeight;","            };","        });","        // init event-handling","        ['change', 'click', 'keyup'].forEach(function (event) {","            Array.from(document.querySelectorAll('.on' + event)).forEach(function (element) {","                element.addEventListener(event, local.testRunBrowser);","            });","        });","        // run tests","        local.testRunBrowser();","        break;","","","","    // run node js-env code - post-init","    /* istanbul ignore next */","    case 'node':","        // export local","        module.exports = local;","        // require modules","        local.fs = require('fs');","        local.http = require('http');","        local.url = require('url');","        // init assets","        local.assetsDict = local.assetsDict || {};","        /* jslint-ignore-begin */","        local.assetsDict['/assets.index.template.html'] = '\\","<!doctype html>\\n\\","<html lang=\"en\">\\n\\","<head>\\n\\","<meta charset=\"UTF-8\">\\n\\","<meta name=\"viewport\" content=\"width=device-width, initial-scale=1\">\\n\\","<title>{{env.npm_package_name}} (v{{env.npm_package_version}})</title>\\n\\","<style>\\n\\","/*csslint\\n\\","    box-sizing: false,\\n\\","    universal-selector: false\\n\\","*/\\n\\","* {\\n\\","    box-sizing: border-box;\\n\\","}\\n\\","body {\\n\\","    background: #dde;\\n\\","    font-family: Arial, Helvetica, sans-serif;\\n\\","    margin: 2rem;\\n\\","}\\n\\","body > * {\\n\\","    margin-bottom: 1rem;\\n\\","}\\n\\",".utility2FooterDiv {\\n\\","    margin-top: 20px;\\n\\","    text-align: center;\\n\\","}\\n\\","</style>\\n\\","<style>\\n\\","/*csslint\\n\\","*/\\n\\","textarea {\\n\\","    font-family: monospace;\\n\\","    height: 10rem;\\n\\","    width: 100%;\\n\\","}\\n\\","textarea[readonly] {\\n\\","    background: #ddd;\\n\\","}\\n\\","</style>\\n\\","</head>\\n\\","<body>\\n\\","<!-- utility2-comment\\n\\","<div id=\"ajaxProgressDiv1\" style=\"background: #d00; height: 2px; left: 0; margin: 0; padding: 0; position: fixed; top: 0; transition: background 0.5s, width 1.5s; width: 25%;\"></div>\\n\\","utility2-comment -->\\n\\","<h1>\\n\\","<!-- utility2-comment\\n\\","    <a\\n\\","        {{#if env.npm_package_homepage}}\\n\\","        href=\"{{env.npm_package_homepage}}\"\\n\\","        {{/if env.npm_package_homepage}}\\n\\","        target=\"_blank\"\\n\\","    >\\n\\","utility2-comment -->\\n\\","        {{env.npm_package_name}} (v{{env.npm_package_version}})\\n\\","<!-- utility2-comment\\n\\","    </a>\\n\\","utility2-comment -->\\n\\","</h1>\\n\\","<h3>{{env.npm_package_description}}</h3>\\n\\","<!-- utility2-comment\\n\\","<h4><a download href=\"assets.app.js\">download standalone app</a></h4>\\n\\","<button class=\"onclick onreset\" id=\"testRunButton1\">run internal test</button><br>\\n\\","<div id=\"testReportDiv1\" style=\"display: none;\"></div>\\n\\","utility2-comment -->\\n\\","\\n\\","\\n\\","\\n\\","<label>stderr and stdout</label>\\n\\","<textarea class=\"resettable\" id=\"outputTextareaStdout1\" readonly></textarea>\\n\\","<!-- utility2-comment\\n\\","{{#if isRollup}}\\n\\","<script src=\"assets.app.js\"></script>\\n\\","{{#unless isRollup}}\\n\\","utility2-comment -->\\n\\","<script src=\"assets.utility2.rollup.js\"></script>\\n\\","<script src=\"jsonp.utility2._stateInit?callback=window.utility2._stateInit\"></script>\\n\\","<script src=\"assets.npmtest_jquery_slimscroll.rollup.js\"></script>\\n\\","<script src=\"assets.example.js\"></script>\\n\\","<script src=\"assets.test.js\"></script>\\n\\","<!-- utility2-comment\\n\\","{{/if isRollup}}\\n\\","utility2-comment -->\\n\\","<div class=\"utility2FooterDiv\">\\n\\","    [ this app was created with\\n\\","    <a href=\"https://github.com/kaizhu256/node-utility2\" target=\"_blank\">utility2</a>\\n\\","    ]\\n\\","</div>\\n\\","</body>\\n\\","</html>\\n\\","';","        /* jslint-ignore-end */","        if (local.templateRender) {","            local.assetsDict['/'] = local.templateRender(","                local.assetsDict['/assets.index.template.html'],","                {","                    env: local.objectSetDefault(local.env, {","                        npm_package_description: 'the greatest app in the world!',","                        npm_package_name: 'my-app',","                        npm_package_nameAlias: 'my_app',","                        npm_package_version: '0.0.1'","                    })","                }","            );","        } else {","            local.assetsDict['/'] = local.assetsDict['/assets.index.template.html']","                .replace((/\\{\\{env\\.(\\w+?)\\}\\}/g), function (match0, match1) {","                    // jslint-hack","                    String(match0);","                    switch (match1) {","                    case 'npm_package_description':","                        return 'the greatest app in the world!';","                    case 'npm_package_name':","                        return 'my-app';","                    case 'npm_package_nameAlias':","                        return 'my_app';","                    case 'npm_package_version':","                        return '0.0.1';","                    }","                });","        }","        // run the cli","        if (local.global.utility2_rollup || module !== require.main) {","            break;","        }","        local.assetsDict['/assets.example.js'] =","            local.assetsDict['/assets.example.js'] ||","            local.fs.readFileSync(__filename, 'utf8');","        // bug-workaround - long $npm_package_buildCustomOrg","        /* jslint-ignore-begin */","        local.assetsDict['/assets.npmtest_jquery_slimscroll.rollup.js'] =","            local.assetsDict['/assets.npmtest_jquery_slimscroll.rollup.js'] ||","            local.fs.readFileSync(","                local.npmtest_jquery_slimscroll.__dirname + '/lib.npmtest_jquery_slimscroll.js',","                'utf8'","            ).replace((/^#!/), '//');","        /* jslint-ignore-end */","        local.assetsDict['/favicon.ico'] = local.assetsDict['/favicon.ico'] || '';","        // if $npm_config_timeout_exit exists,","        // then exit this process after $npm_config_timeout_exit ms","        if (Number(process.env.npm_config_timeout_exit)) {","            setTimeout(process.exit, Number(process.env.npm_config_timeout_exit));","        }","        // start server","        if (local.global.utility2_serverHttp1) {","            break;","        }","        process.env.PORT = process.env.PORT || '8081';","        console.error('server starting on port ' + process.env.PORT);","        local.http.createServer(function (request, response) {","            request.urlParsed = local.url.parse(request.url);","            if (local.assetsDict[request.urlParsed.pathname] !== undefined) {","                response.end(local.assetsDict[request.urlParsed.pathname]);","                return;","            }","            response.statusCode = 404;","            response.end();","        }).listen(process.env.PORT);","        break;","    }","}());",""],"l":{"26":2,"28":2,"33":2,"35":2,"37":2,"38":2,"39":2,"44":1,"51":2,"55":2,"59":2,"61":2,"69":1,"70":2,"76":2,"79":2,"82":2,"83":2,"85":1,"89":2,"92":1,"93":1,"94":1,"96":1,"97":1,"100":1,"101":1,"103":1,"106":1,"108":2,"114":1,"116":1,"118":1,"123":1,"124":2,"125":2,"126":3,"127":3,"128":3,"129":3,"130":1,"133":3,"134":3,"139":3,"143":1,"144":3,"145":1,"149":1,"150":1,"158":1,"160":1,"161":1,"162":1,"164":1,"166":1,"258":1,"259":1,"271":1,"274":6,"275":6,"277":1,"279":2,"281":1,"283":2,"288":1,"289":1,"291":1,"296":1,"303":1,"306":1,"307":1,"310":1,"311":1,"313":1,"314":1,"315":1,"316":1,"317":1,"318":1,"319":1,"321":1,"322":1,"324":1}},"/home/travis/build/npmtest/node-npmtest-jquery-slimscroll/node_modules/jquery-slimscroll/jquery.slimscroll.js":{"path":"/home/travis/build/npmtest/node-npmtest-jquery-slimscroll/node_modules/jquery-slimscroll/jquery.slimscroll.js","s":{"1":2,"2":0,"3":0,"4":0,"5":0,"6":0,"7":0,"8":0,"9":0,"10":0,"11":0,"12":0,"13":0,"14":0,"15":0,"16":0,"17":0,"18":0,"19":0,"20":0,"21":0,"22":0,"23":0,"24":0,"25":0,"26":0,"27":0,"28":0,"29":0,"30":0,"31":0,"32":0,"33":0,"34":0,"35":0,"36":0,"37":0,"38":0,"39":0,"40":0,"41":0,"42":0,"43":0,"44":0,"45":0,"46":0,"47":0,"48":0,"49":0,"50":0,"51":0,"52":0,"53":0,"54":0,"55":0,"56":0,"57":0,"58":0,"59":0,"60":0,"61":0,"62":0,"63":0,"64":0,"65":0,"66":0,"67":0,"68":0,"69":0,"70":0,"71":0,"72":0,"73":0,"74":0,"75":0,"76":0,"77":0,"78":0,"79":0,"80":0,"81":0,"82":0,"83":0,"84":0,"85":0,"86":0,"87":0,"88":0,"89":0,"90":0,"91":0,"92":0,"93":0,"94":0,"95":0,"96":0,"97":0,"98":1,"99":0,"100":0,"101":0,"102":0,"103":0,"104":0,"105":0,"106":0,"107":0,"108":0,"109":0,"110":0,"111":0,"112":0,"113":0,"114":1,"115":0,"116":0,"117":0,"118":0,"119":0,"120":0,"121":0,"122":0,"123":0,"124":0,"125":0,"126":0,"127":0,"128":0,"129":0,"130":0,"131":0,"132":0,"133":0,"134":1,"135":0,"136":0,"137":0,"138":0,"139":1,"140":0,"141":0,"142":0,"143":0,"144":1,"145":0,"146":0,"147":0,"148":0,"149":0,"150":0,"151":0,"152":0,"153":0,"154":0,"155":0,"156":0,"157":0,"158":0,"159":0,"160":1,"161":0,"162":0,"163":0,"164":0,"165":0,"166":0,"167":0},"b":{"1":[0,0],"2":[0,0],"3":[0,0],"4":[0,0],"5":[0,0],"6":[0,0],"7":[0,0],"8":[0,0],"9":[0,0],"10":[0,0],"11":[0,0],"12":[0,0],"13":[0,0],"14":[0,0],"15":[0,0],"16":[0,0],"17":[0,0],"18":[0,0],"19":[0,0],"20":[0,0],"21":[0,0],"22":[0,0],"23":[0,0],"24":[0,0],"25":[0,0],"26":[0,0],"27":[0,0,0],"28":[0,0],"29":[0,0],"30":[0,0],"31":[0,0],"32":[0,0],"33":[0,0],"34":[0,0],"35":[0,0],"36":[0,0],"37":[0,0],"38":[0,0],"39":[0,0],"40":[0,0],"41":[0,0],"42":[0,0],"43":[0,0],"44":[0,0,0],"45":[0,0]},"f":{"1":0,"2":0,"3":0,"4":0,"5":0,"6":0,"7":0,"8":0,"9":0,"10":0,"11":0,"12":0,"13":0,"14":0,"15":0,"16":0,"17":0,"18":0,"19":0,"20":0,"21":0,"22":0},"fnMap":{"1":{"name":"(anonymous_1)","line":8,"loc":{"start":{"line":8,"column":1},"end":{"line":8,"column":13}}},"2":{"name":"(anonymous_2)","line":11,"loc":{"start":{"line":11,"column":16},"end":{"line":11,"column":34}}},"3":{"name":"(anonymous_3)","line":85,"loc":{"start":{"line":85,"column":16},"end":{"line":85,"column":26}}},"4":{"name":"(anonymous_4)","line":223,"loc":{"start":{"line":223,"column":32},"end":{"line":223,"column":44}}},"5":{"name":"(anonymous_5)","line":229,"loc":{"start":{"line":229,"column":46},"end":{"line":229,"column":57}}},"6":{"name":"(anonymous_6)","line":235,"loc":{"start":{"line":235,"column":44},"end":{"line":235,"column":56}}},"7":{"name":"(anonymous_7)","line":240,"loc":{"start":{"line":240,"column":44},"end":{"line":240,"column":55}}},"8":{"name":"(anonymous_8)","line":248,"loc":{"start":{"line":248,"column":19},"end":{"line":248,"column":29}}},"9":{"name":"(anonymous_9)","line":250,"loc":{"start":{"line":250,"column":11},"end":{"line":250,"column":21}}},"10":{"name":"(anonymous_10)","line":255,"loc":{"start":{"line":255,"column":18},"end":{"line":255,"column":28}}},"11":{"name":"(anonymous_11)","line":257,"loc":{"start":{"line":257,"column":11},"end":{"line":257,"column":21}}},"12":{"name":"(anonymous_12)","line":262,"loc":{"start":{"line":262,"column":17},"end":{"line":262,"column":27}}},"13":{"name":"(anonymous_13)","line":266,"loc":{"start":{"line":266,"column":11},"end":{"line":266,"column":21}}},"14":{"name":"(anonymous_14)","line":272,"loc":{"start":{"line":272,"column":30},"end":{"line":272,"column":43}}},"15":{"name":"(anonymous_15)","line":280,"loc":{"start":{"line":280,"column":29},"end":{"line":280,"column":40}}},"16":{"name":"_onWheel","line":318,"loc":{"start":{"line":318,"column":8},"end":{"line":319,"column":8}}},"17":{"name":"scrollContent","line":340,"loc":{"start":{"line":340,"column":8},"end":{"line":341,"column":8}}},"18":{"name":"attachWheel","line":389,"loc":{"start":{"line":389,"column":8},"end":{"line":390,"column":8}}},"19":{"name":"getBarHeight","line":402,"loc":{"start":{"line":402,"column":8},"end":{"line":403,"column":8}}},"20":{"name":"showBar","line":413,"loc":{"start":{"line":413,"column":8},"end":{"line":414,"column":8}}},"21":{"name":"hideBar","line":448,"loc":{"start":{"line":448,"column":8},"end":{"line":449,"column":8}}},"22":{"name":"(anonymous_22)","line":453,"loc":{"start":{"line":453,"column":35},"end":{"line":453,"column":45}}}},"statementMap":{"1":{"start":{"line":8,"column":0},"end":{"line":474,"column":11}},"2":{"start":{"line":10,"column":2},"end":{"line":468,"column":5}},"3":{"start":{"line":13,"column":6},"end":{"line":80,"column":8}},"4":{"start":{"line":82,"column":6},"end":{"line":82,"column":42}},"5":{"start":{"line":85,"column":6},"end":{"line":463,"column":9}},"6":{"start":{"line":87,"column":6},"end":{"line":91,"column":30}},"7":{"start":{"line":94,"column":8},"end":{"line":94,"column":25}},"8":{"start":{"line":97,"column":8},"end":{"line":155,"column":9}},"9":{"start":{"line":100,"column":12},"end":{"line":100,"column":40}},"10":{"start":{"line":103,"column":12},"end":{"line":103,"column":48}},"11":{"start":{"line":104,"column":12},"end":{"line":104,"column":50}},"12":{"start":{"line":106,"column":12},"end":{"line":106,"column":27}},"13":{"start":{"line":109,"column":12},"end":{"line":145,"column":13}},"14":{"start":{"line":112,"column":14},"end":{"line":122,"column":15}},"15":{"start":{"line":113,"column":16},"end":{"line":113,"column":50}},"16":{"start":{"line":114,"column":16},"end":{"line":114,"column":41}},"17":{"start":{"line":115,"column":16},"end":{"line":115,"column":59}},"18":{"start":{"line":116,"column":16},"end":{"line":116,"column":50}},"19":{"start":{"line":117,"column":16},"end":{"line":117,"column":41}},"20":{"start":{"line":118,"column":21},"end":{"line":122,"column":15}},"21":{"start":{"line":119,"column":16},"end":{"line":119,"column":39}},"22":{"start":{"line":120,"column":16},"end":{"line":120,"column":45}},"23":{"start":{"line":121,"column":16},"end":{"line":121,"column":36}},"24":{"start":{"line":124,"column":14},"end":{"line":141,"column":15}},"25":{"start":{"line":127,"column":16},"end":{"line":127,"column":46}},"26":{"start":{"line":129,"column":19},"end":{"line":141,"column":15}},"27":{"start":{"line":132,"column":16},"end":{"line":132,"column":47}},"28":{"start":{"line":134,"column":19},"end":{"line":141,"column":15}},"29":{"start":{"line":137,"column":16},"end":{"line":137,"column":29}},"30":{"start":{"line":138,"column":16},"end":{"line":138,"column":30}},"31":{"start":{"line":139,"column":16},"end":{"line":139,"column":28}},"32":{"start":{"line":140,"column":16},"end":{"line":140,"column":23}},"33":{"start":{"line":144,"column":14},"end":{"line":144,"column":49}},"34":{"start":{"line":147,"column":12},"end":{"line":147,"column":19}},"35":{"start":{"line":149,"column":13},"end":{"line":155,"column":9}},"36":{"start":{"line":151,"column":12},"end":{"line":154,"column":13}},"37":{"start":{"line":153,"column":13},"end":{"line":153,"column":20}},"38":{"start":{"line":158,"column":8},"end":{"line":158,"column":74}},"39":{"start":{"line":161,"column":8},"end":{"line":168,"column":13}},"40":{"start":{"line":171,"column":8},"end":{"line":175,"column":11}},"41":{"start":{"line":178,"column":8},"end":{"line":190,"column":13}},"42":{"start":{"line":193,"column":8},"end":{"line":207,"column":13}},"43":{"start":{"line":210,"column":8},"end":{"line":210,"column":92}},"44":{"start":{"line":211,"column":8},"end":{"line":211,"column":25}},"45":{"start":{"line":212,"column":8},"end":{"line":212,"column":24}},"46":{"start":{"line":215,"column":8},"end":{"line":215,"column":25}},"47":{"start":{"line":218,"column":8},"end":{"line":218,"column":32}},"48":{"start":{"line":219,"column":8},"end":{"line":219,"column":33}},"49":{"start":{"line":222,"column":8},"end":{"line":245,"column":9}},"50":{"start":{"line":223,"column":10},"end":{"line":244,"column":13}},"51":{"start":{"line":224,"column":12},"end":{"line":224,"column":35}},"52":{"start":{"line":225,"column":12},"end":{"line":225,"column":27}},"53":{"start":{"line":226,"column":12},"end":{"line":226,"column":43}},"54":{"start":{"line":227,"column":12},"end":{"line":227,"column":28}},"55":{"start":{"line":229,"column":12},"end":{"line":233,"column":15}},"56":{"start":{"line":230,"column":14},"end":{"line":230,"column":44}},"57":{"start":{"line":231,"column":14},"end":{"line":231,"column":38}},"58":{"start":{"line":232,"column":14},"end":{"line":232,"column":58}},"59":{"start":{"line":235,"column":12},"end":{"line":238,"column":15}},"60":{"start":{"line":236,"column":14},"end":{"line":236,"column":30}},"61":{"start":{"line":236,"column":30},"end":{"line":236,"column":40}},"62":{"start":{"line":237,"column":14},"end":{"line":237,"column":41}},"63":{"start":{"line":239,"column":12},"end":{"line":239,"column":25}},"64":{"start":{"line":241,"column":12},"end":{"line":241,"column":32}},"65":{"start":{"line":242,"column":12},"end":{"line":242,"column":31}},"66":{"start":{"line":243,"column":12},"end":{"line":243,"column":25}},"67":{"start":{"line":248,"column":8},"end":{"line":252,"column":11}},"68":{"start":{"line":249,"column":10},"end":{"line":249,"column":20}},"69":{"start":{"line":251,"column":10},"end":{"line":251,"column":20}},"70":{"start":{"line":255,"column":8},"end":{"line":259,"column":11}},"71":{"start":{"line":256,"column":10},"end":{"line":256,"column":27}},"72":{"start":{"line":258,"column":10},"end":{"line":258,"column":28}},"73":{"start":{"line":262,"column":8},"end":{"line":269,"column":11}},"74":{"start":{"line":263,"column":10},"end":{"line":263,"column":29}},"75":{"start":{"line":264,"column":10},"end":{"line":264,"column":20}},"76":{"start":{"line":265,"column":10},"end":{"line":265,"column":20}},"77":{"start":{"line":267,"column":10},"end":{"line":267,"column":30}},"78":{"start":{"line":268,"column":10},"end":{"line":268,"column":20}},"79":{"start":{"line":272,"column":8},"end":{"line":278,"column":11}},"80":{"start":{"line":273,"column":10},"end":{"line":277,"column":11}},"81":{"start":{"line":276,"column":12},"end":{"line":276,"column":56}},"82":{"start":{"line":280,"column":8},"end":{"line":294,"column":11}},"83":{"start":{"line":282,"column":10},"end":{"line":285,"column":9}},"84":{"start":{"line":284,"column":10},"end":{"line":284,"column":43}},"85":{"start":{"line":286,"column":10},"end":{"line":293,"column":11}},"86":{"start":{"line":289,"column":12},"end":{"line":289,"column":89}},"87":{"start":{"line":291,"column":12},"end":{"line":291,"column":38}},"88":{"start":{"line":292,"column":12},"end":{"line":292,"column":56}},"89":{"start":{"line":297,"column":8},"end":{"line":297,"column":23}},"90":{"start":{"line":300,"column":8},"end":{"line":313,"column":9}},"91":{"start":{"line":303,"column":10},"end":{"line":303,"column":65}},"92":{"start":{"line":304,"column":10},"end":{"line":304,"column":33}},"93":{"start":{"line":306,"column":13},"end":{"line":313,"column":9}},"94":{"start":{"line":309,"column":10},"end":{"line":309,"column":63}},"95":{"start":{"line":312,"column":10},"end":{"line":312,"column":47}},"96":{"start":{"line":312,"column":34},"end":{"line":312,"column":45}},"97":{"start":{"line":316,"column":8},"end":{"line":316,"column":26}},"98":{"start":{"line":318,"column":8},"end":{"line":338,"column":9}},"99":{"start":{"line":321,"column":10},"end":{"line":321,"column":39}},"100":{"start":{"line":321,"column":30},"end":{"line":321,"column":37}},"101":{"start":{"line":323,"column":10},"end":{"line":323,"column":36}},"102":{"start":{"line":325,"column":10},"end":{"line":325,"column":24}},"103":{"start":{"line":326,"column":10},"end":{"line":326,"column":58}},"104":{"start":{"line":326,"column":30},"end":{"line":326,"column":56}},"105":{"start":{"line":327,"column":10},"end":{"line":327,"column":49}},"106":{"start":{"line":327,"column":26},"end":{"line":327,"column":47}},"107":{"start":{"line":329,"column":10},"end":{"line":329,"column":63}},"108":{"start":{"line":330,"column":10},"end":{"line":333,"column":11}},"109":{"start":{"line":332,"column":12},"end":{"line":332,"column":39}},"110":{"start":{"line":336,"column":10},"end":{"line":336,"column":73}},"111":{"start":{"line":336,"column":52},"end":{"line":336,"column":71}},"112":{"start":{"line":337,"column":10},"end":{"line":337,"column":56}},"113":{"start":{"line":337,"column":32},"end":{"line":337,"column":54}},"114":{"start":{"line":340,"column":8},"end":{"line":387,"column":9}},"115":{"start":{"line":342,"column":10},"end":{"line":342,"column":32}},"116":{"start":{"line":343,"column":10},"end":{"line":343,"column":24}},"117":{"start":{"line":344,"column":10},"end":{"line":344,"column":60}},"118":{"start":{"line":346,"column":10},"end":{"line":362,"column":11}},"119":{"start":{"line":349,"column":12},"end":{"line":349,"column":99}},"120":{"start":{"line":352,"column":12},"end":{"line":352,"column":57}},"121":{"start":{"line":358,"column":12},"end":{"line":358,"column":67}},"122":{"start":{"line":361,"column":12},"end":{"line":361,"column":43}},"123":{"start":{"line":365,"column":10},"end":{"line":365,"column":92}},"124":{"start":{"line":366,"column":10},"end":{"line":366,"column":74}},"125":{"start":{"line":368,"column":10},"end":{"line":374,"column":11}},"126":{"start":{"line":370,"column":12},"end":{"line":370,"column":22}},"127":{"start":{"line":371,"column":12},"end":{"line":371,"column":74}},"128":{"start":{"line":372,"column":12},"end":{"line":372,"column":65}},"129":{"start":{"line":373,"column":12},"end":{"line":373,"column":47}},"130":{"start":{"line":377,"column":10},"end":{"line":377,"column":30}},"131":{"start":{"line":380,"column":10},"end":{"line":380,"column":47}},"132":{"start":{"line":383,"column":10},"end":{"line":383,"column":20}},"133":{"start":{"line":386,"column":10},"end":{"line":386,"column":20}},"134":{"start":{"line":389,"column":8},"end":{"line":400,"column":9}},"135":{"start":{"line":391,"column":10},"end":{"line":399,"column":11}},"136":{"start":{"line":393,"column":12},"end":{"line":393,"column":72}},"137":{"start":{"line":394,"column":12},"end":{"line":394,"column":68}},"138":{"start":{"line":398,"column":12},"end":{"line":398,"column":58}},"139":{"start":{"line":402,"column":8},"end":{"line":411,"column":9}},"140":{"start":{"line":405,"column":10},"end":{"line":405,"column":105}},"141":{"start":{"line":406,"column":10},"end":{"line":406,"column":48}},"142":{"start":{"line":409,"column":10},"end":{"line":409,"column":73}},"143":{"start":{"line":410,"column":10},"end":{"line":410,"column":40}},"144":{"start":{"line":413,"column":8},"end":{"line":446,"column":9}},"145":{"start":{"line":416,"column":10},"end":{"line":416,"column":25}},"146":{"start":{"line":417,"column":10},"end":{"line":417,"column":34}},"147":{"start":{"line":420,"column":10},"end":{"line":435,"column":11}},"148":{"start":{"line":423,"column":12},"end":{"line":423,"column":46}},"149":{"start":{"line":426,"column":12},"end":{"line":430,"column":13}},"150":{"start":{"line":428,"column":16},"end":{"line":428,"column":68}},"151":{"start":{"line":429,"column":16},"end":{"line":429,"column":46}},"152":{"start":{"line":434,"column":12},"end":{"line":434,"column":34}},"153":{"start":{"line":436,"column":10},"end":{"line":436,"column":37}},"154":{"start":{"line":439,"column":10},"end":{"line":443,"column":11}},"155":{"start":{"line":441,"column":12},"end":{"line":441,"column":33}},"156":{"start":{"line":442,"column":12},"end":{"line":442,"column":19}},"157":{"start":{"line":444,"column":10},"end":{"line":444,"column":45}},"158":{"start":{"line":445,"column":10},"end":{"line":445,"column":69}},"159":{"start":{"line":445,"column":31},"end":{"line":445,"column":67}},"160":{"start":{"line":448,"column":8},"end":{"line":461,"column":9}},"161":{"start":{"line":451,"column":10},"end":{"line":460,"column":11}},"162":{"start":{"line":453,"column":12},"end":{"line":459,"column":21}},"163":{"start":{"line":454,"column":14},"end":{"line":458,"column":15}},"164":{"start":{"line":456,"column":16},"end":{"line":456,"column":36}},"165":{"start":{"line":457,"column":16},"end":{"line":457,"column":37}},"166":{"start":{"line":466,"column":6},"end":{"line":466,"column":18}},"167":{"start":{"line":470,"column":2},"end":{"line":472,"column":5}}},"branchMap":{"1":{"line":97,"type":"if","locations":[{"start":{"line":97,"column":8},"end":{"line":97,"column":8}},{"start":{"line":97,"column":8},"end":{"line":97,"column":8}}]},"2":{"line":109,"type":"if","locations":[{"start":{"line":109,"column":12},"end":{"line":109,"column":12}},{"start":{"line":109,"column":12},"end":{"line":109,"column":12}}]},"3":{"line":112,"type":"if","locations":[{"start":{"line":112,"column":14},"end":{"line":112,"column":14}},{"start":{"line":112,"column":14},"end":{"line":112,"column":14}}]},"4":{"line":112,"type":"binary-expr","locations":[{"start":{"line":112,"column":19},"end":{"line":112,"column":38}},{"start":{"line":112,"column":42},"end":{"line":112,"column":66}}]},"5":{"line":118,"type":"if","locations":[{"start":{"line":118,"column":21},"end":{"line":118,"column":21}},{"start":{"line":118,"column":21},"end":{"line":118,"column":21}}]},"6":{"line":124,"type":"if","locations":[{"start":{"line":124,"column":14},"end":{"line":124,"column":14}},{"start":{"line":124,"column":14},"end":{"line":124,"column":14}}]},"7":{"line":129,"type":"if","locations":[{"start":{"line":129,"column":19},"end":{"line":129,"column":19}},{"start":{"line":129,"column":19},"end":{"line":129,"column":19}}]},"8":{"line":134,"type":"if","locations":[{"start":{"line":134,"column":19},"end":{"line":134,"column":19}},{"start":{"line":134,"column":19},"end":{"line":134,"column":19}}]},"9":{"line":149,"type":"if","locations":[{"start":{"line":149,"column":13},"end":{"line":149,"column":13}},{"start":{"line":149,"column":13},"end":{"line":149,"column":13}}]},"10":{"line":151,"type":"if","locations":[{"start":{"line":151,"column":12},"end":{"line":151,"column":12}},{"start":{"line":151,"column":12},"end":{"line":151,"column":12}}]},"11":{"line":158,"type":"cond-expr","locations":[{"start":{"line":158,"column":42},"end":{"line":158,"column":62}},{"start":{"line":158,"column":65},"end":{"line":158,"column":73}}]},"12":{"line":185,"type":"cond-expr","locations":[{"start":{"line":185,"column":58},"end":{"line":185,"column":65}},{"start":{"line":185,"column":68},"end":{"line":185,"column":74}}]},"13":{"line":185,"type":"binary-expr","locations":[{"start":{"line":185,"column":22},"end":{"line":185,"column":37}},{"start":{"line":185,"column":41},"end":{"line":185,"column":54}}]},"14":{"line":201,"type":"cond-expr","locations":[{"start":{"line":201,"column":39},"end":{"line":201,"column":46}},{"start":{"line":201,"column":49},"end":{"line":201,"column":55}}]},"15":{"line":210,"type":"cond-expr","locations":[{"start":{"line":210,"column":47},"end":{"line":210,"column":68}},{"start":{"line":210,"column":71},"end":{"line":210,"column":91}}]},"16":{"line":222,"type":"if","locations":[{"start":{"line":222,"column":8},"end":{"line":222,"column":8}},{"start":{"line":222,"column":8},"end":{"line":222,"column":8}}]},"17":{"line":273,"type":"if","locations":[{"start":{"line":273,"column":10},"end":{"line":273,"column":10}},{"start":{"line":273,"column":10},"end":{"line":273,"column":10}}]},"18":{"line":282,"type":"if","locations":[{"start":{"line":282,"column":10},"end":{"line":282,"column":10}},{"start":{"line":282,"column":10},"end":{"line":282,"column":10}}]},"19":{"line":286,"type":"if","locations":[{"start":{"line":286,"column":10},"end":{"line":286,"column":10}},{"start":{"line":286,"column":10},"end":{"line":286,"column":10}}]},"20":{"line":300,"type":"if","locations":[{"start":{"line":300,"column":8},"end":{"line":300,"column":8}},{"start":{"line":300,"column":8},"end":{"line":300,"column":8}}]},"21":{"line":306,"type":"if","locations":[{"start":{"line":306,"column":13},"end":{"line":306,"column":13}},{"start":{"line":306,"column":13},"end":{"line":306,"column":13}}]},"22":{"line":312,"type":"if","locations":[{"start":{"line":312,"column":10},"end":{"line":312,"column":10}},{"start":{"line":312,"column":10},"end":{"line":312,"column":10}}]},"23":{"line":321,"type":"if","locations":[{"start":{"line":321,"column":10},"end":{"line":321,"column":10}},{"start":{"line":321,"column":10},"end":{"line":321,"column":10}}]},"24":{"line":323,"type":"binary-expr","locations":[{"start":{"line":323,"column":18},"end":{"line":323,"column":19}},{"start":{"line":323,"column":23},"end":{"line":323,"column":35}}]},"25":{"line":326,"type":"if","locations":[{"start":{"line":326,"column":10},"end":{"line":326,"column":10}},{"start":{"line":326,"column":10},"end":{"line":326,"column":10}}]},"26":{"line":327,"type":"if","locations":[{"start":{"line":327,"column":10},"end":{"line":327,"column":10}},{"start":{"line":327,"column":10},"end":{"line":327,"column":10}}]},"27":{"line":329,"type":"binary-expr","locations":[{"start":{"line":329,"column":23},"end":{"line":329,"column":31}},{"start":{"line":329,"column":35},"end":{"line":329,"column":46}},{"start":{"line":329,"column":50},"end":{"line":329,"column":62}}]},"28":{"line":330,"type":"if","locations":[{"start":{"line":330,"column":10},"end":{"line":330,"column":10}},{"start":{"line":330,"column":10},"end":{"line":330,"column":10}}]},"29":{"line":336,"type":"if","locations":[{"start":{"line":336,"column":10},"end":{"line":336,"column":10}},{"start":{"line":336,"column":10},"end":{"line":336,"column":10}}]},"30":{"line":336,"type":"binary-expr","locations":[{"start":{"line":336,"column":14},"end":{"line":336,"column":30}},{"start":{"line":336,"column":34},"end":{"line":336,"column":48}}]},"31":{"line":337,"type":"if","locations":[{"start":{"line":337,"column":10},"end":{"line":337,"column":10}},{"start":{"line":337,"column":10},"end":{"line":337,"column":10}}]},"32":{"line":346,"type":"if","locations":[{"start":{"line":346,"column":10},"end":{"line":346,"column":10}},{"start":{"line":346,"column":10},"end":{"line":346,"column":10}}]},"33":{"line":358,"type":"cond-expr","locations":[{"start":{"line":358,"column":30},"end":{"line":358,"column":46}},{"start":{"line":358,"column":49},"end":{"line":358,"column":66}}]},"34":{"line":368,"type":"if","locations":[{"start":{"line":368,"column":10},"end":{"line":368,"column":10}},{"start":{"line":368,"column":10},"end":{"line":368,"column":10}}]},"35":{"line":391,"type":"if","locations":[{"start":{"line":391,"column":10},"end":{"line":391,"column":10}},{"start":{"line":391,"column":10},"end":{"line":391,"column":10}}]},"36":{"line":409,"type":"cond-expr","locations":[{"start":{"line":409,"column":56},"end":{"line":409,"column":62}},{"start":{"line":409,"column":65},"end":{"line":409,"column":72}}]},"37":{"line":420,"type":"if","locations":[{"start":{"line":420,"column":10},"end":{"line":420,"column":10}},{"start":{"line":420,"column":10},"end":{"line":420,"column":10}}]},"38":{"line":426,"type":"if","locations":[{"start":{"line":426,"column":12},"end":{"line":426,"column":12}},{"start":{"line":426,"column":12},"end":{"line":426,"column":12}}]},"39":{"line":428,"type":"cond-expr","locations":[{"start":{"line":428,"column":51},"end":{"line":428,"column":56}},{"start":{"line":428,"column":59},"end":{"line":428,"column":67}}]},"40":{"line":439,"type":"if","locations":[{"start":{"line":439,"column":10},"end":{"line":439,"column":10}},{"start":{"line":439,"column":10},"end":{"line":439,"column":10}}]},"41":{"line":445,"type":"if","locations":[{"start":{"line":445,"column":10},"end":{"line":445,"column":10}},{"start":{"line":445,"column":10},"end":{"line":445,"column":10}}]},"42":{"line":451,"type":"if","locations":[{"start":{"line":451,"column":10},"end":{"line":451,"column":10}},{"start":{"line":451,"column":10},"end":{"line":451,"column":10}}]},"43":{"line":454,"type":"if","locations":[{"start":{"line":454,"column":14},"end":{"line":454,"column":14}},{"start":{"line":454,"column":14},"end":{"line":454,"column":14}}]},"44":{"line":454,"type":"binary-expr","locations":[{"start":{"line":454,"column":18},"end":{"line":454,"column":52}},{"start":{"line":454,"column":56},"end":{"line":454,"column":66}},{"start":{"line":454,"column":70},"end":{"line":454,"column":78}}]},"45":{"line":454,"type":"binary-expr","locations":[{"start":{"line":454,"column":20},"end":{"line":454,"column":36}},{"start":{"line":454,"column":40},"end":{"line":454,"column":51}}]}},"code":["/*! Copyright (c) 2011 Piotr Rochala (http://rocha.la)"," * Dual licensed under the MIT (http://www.opensource.org/licenses/mit-license.php)"," * and GPL (http://www.opensource.org/licenses/gpl-license.php) licenses."," *"," * Version: 1.3.8"," *"," */","(function($) {","","  $.fn.extend({","    slimScroll: function(options) {","","      var defaults = {","","        // width in pixels of the visible scroll area","        width : 'auto',","","        // height in pixels of the visible scroll area","        height : '250px',","","        // width in pixels of the scrollbar and rail","        size : '7px',","","        // scrollbar color, accepts any hex/color value","        color: '#000',","","        // scrollbar position - left/right","        position : 'right',","","        // distance in pixels between the side edge and the scrollbar","        distance : '1px',","","        // default scroll position on load - top / bottom / $('selector')","        start : 'top',","","        // sets scrollbar opacity","        opacity : .4,","","        // enables always-on mode for the scrollbar","        alwaysVisible : false,","","        // check if we should hide the scrollbar when user is hovering over","        disableFadeOut : false,","","        // sets visibility of the rail","        railVisible : false,","","        // sets rail color","        railColor : '#333',","","        // sets rail opacity","        railOpacity : .2,","","        // whether  we should use jQuery UI Draggable to enable bar dragging","        railDraggable : true,","","        // defautlt CSS class of the slimscroll rail","        railClass : 'slimScrollRail',","","        // defautlt CSS class of the slimscroll bar","        barClass : 'slimScrollBar',","","        // defautlt CSS class of the slimscroll wrapper","        wrapperClass : 'slimScrollDiv',","","        // check if mousewheel should scroll the window if we reach top/bottom","        allowPageScroll : false,","","        // scroll amount applied to each mouse wheel step","        wheelStep : 20,","","        // scroll amount applied when user is using gestures","        touchScrollStep : 200,","","        // sets border radius","        borderRadius: '7px',","","        // sets border radius of the rail","        railBorderRadius : '7px'","      };","","      var o = $.extend(defaults, options);","","      // do it for every element that matches selector","      this.each(function(){","","      var isOverPanel, isOverBar, isDragg, queueHide, touchDif,","        barHeight, percentScroll, lastScroll,","        divS = '<div></div>',","        minBarHeight = 30,","        releaseScroll = false;","","        // used in event handlers and for better minification","        var me = $(this);","","        // ensure we are not binding it again","        if (me.parent().hasClass(o.wrapperClass))","        {","            // start from last bar position","            var offset = me.scrollTop();","","            // find bar and rail","            bar = me.siblings('.' + o.barClass);","            rail = me.siblings('.' + o.railClass);","","            getBarHeight();","","            // check if we should scroll existing instance","            if ($.isPlainObject(options))","            {","              // Pass height: auto to an existing slimscroll object to force a resize after contents have changed","              if ( 'height' in options && options.height == 'auto' ) {","                me.parent().css('height', 'auto');","                me.css('height', 'auto');","                var height = me.parent().parent().height();","                me.parent().css('height', height);","                me.css('height', height);","              } else if ('height' in options) {","                var h = options.height;","                me.parent().css('height', h);","                me.css('height', h);","              }","","              if ('scrollTo' in options)","              {","                // jump to a static point","                offset = parseInt(o.scrollTo);","              }","              else if ('scrollBy' in options)","              {","                // jump by value pixels","                offset += parseInt(o.scrollBy);","              }","              else if ('destroy' in options)","              {","                // remove slimscroll elements","                bar.remove();","                rail.remove();","                me.unwrap();","                return;","              }","","              // scroll content by the given offset","              scrollContent(offset, false, true);","            }","","            return;","        }","        else if ($.isPlainObject(options))","        {","            if ('destroy' in options)","            {","            \treturn;","            }","        }","","        // optionally set height to the parent's height","        o.height = (o.height == 'auto') ? me.parent().height() : o.height;","","        // wrap content","        var wrapper = $(divS)","          .addClass(o.wrapperClass)","          .css({","            position: 'relative',","            overflow: 'hidden',","            width: o.width,","            height: o.height","          });","","        // update style for the div","        me.css({","          overflow: 'hidden',","          width: o.width,","          height: o.height","        });","","        // create scrollbar rail","        var rail = $(divS)","          .addClass(o.railClass)","          .css({","            width: o.size,","            height: '100%',","            position: 'absolute',","            top: 0,","            display: (o.alwaysVisible && o.railVisible) ? 'block' : 'none',","            'border-radius': o.railBorderRadius,","            background: o.railColor,","            opacity: o.railOpacity,","            zIndex: 90","          });","","        // create scrollbar","        var bar = $(divS)","          .addClass(o.barClass)","          .css({","            background: o.color,","            width: o.size,","            position: 'absolute',","            top: 0,","            opacity: o.opacity,","            display: o.alwaysVisible ? 'block' : 'none',","            'border-radius' : o.borderRadius,","            BorderRadius: o.borderRadius,","            MozBorderRadius: o.borderRadius,","            WebkitBorderRadius: o.borderRadius,","            zIndex: 99","          });","","        // set position","        var posCss = (o.position == 'right') ? { right: o.distance } : { left: o.distance };","        rail.css(posCss);","        bar.css(posCss);","","        // wrap it","        me.wrap(wrapper);","","        // append to parent div","        me.parent().append(bar);","        me.parent().append(rail);","","        // make it draggable and no longer dependent on the jqueryUI","        if (o.railDraggable){","          bar.bind(\"mousedown\", function(e) {","            var $doc = $(document);","            isDragg = true;","            t = parseFloat(bar.css('top'));","            pageY = e.pageY;","","            $doc.bind(\"mousemove.slimscroll\", function(e){","              currTop = t + e.pageY - pageY;","              bar.css('top', currTop);","              scrollContent(0, bar.position().top, false);// scroll content","            });","","            $doc.bind(\"mouseup.slimscroll\", function(e) {","              isDragg = false;hideBar();","              $doc.unbind('.slimscroll');","            });","            return false;","          }).bind(\"selectstart.slimscroll\", function(e){","            e.stopPropagation();","            e.preventDefault();","            return false;","          });","        }","","        // on rail over","        rail.hover(function(){","          showBar();","        }, function(){","          hideBar();","        });","","        // on bar over","        bar.hover(function(){","          isOverBar = true;","        }, function(){","          isOverBar = false;","        });","","        // show on parent mouseover","        me.hover(function(){","          isOverPanel = true;","          showBar();","          hideBar();","        }, function(){","          isOverPanel = false;","          hideBar();","        });","","        // support for mobile","        me.bind('touchstart', function(e,b){","          if (e.originalEvent.touches.length)","          {","            // record where touch started","            touchDif = e.originalEvent.touches[0].pageY;","          }","        });","","        me.bind('touchmove', function(e){","          // prevent scrolling the page if necessary","          if(!releaseScroll)","          {","  \t\t      e.originalEvent.preventDefault();","\t\t      }","          if (e.originalEvent.touches.length)","          {","            // see how far user swiped","            var diff = (touchDif - e.originalEvent.touches[0].pageY) / o.touchScrollStep;","            // scroll content","            scrollContent(diff, true);","            touchDif = e.originalEvent.touches[0].pageY;","          }","        });","","        // set up initial height","        getBarHeight();","","        // check start position","        if (o.start === 'bottom')","        {","          // scroll content to bottom","          bar.css({ top: me.outerHeight() - bar.outerHeight() });","          scrollContent(0, true);","        }","        else if (o.start !== 'top')","        {","          // assume jQuery selector","          scrollContent($(o.start).position().top, null, true);","","          // make sure bar stays hidden","          if (!o.alwaysVisible) { bar.hide(); }","        }","","        // attach scroll events","        attachWheel(this);","","        function _onWheel(e)","        {","          // use mouse wheel only when mouse is over","          if (!isOverPanel) { return; }","","          var e = e || window.event;","","          var delta = 0;","          if (e.wheelDelta) { delta = -e.wheelDelta/120; }","          if (e.detail) { delta = e.detail / 3; }","","          var target = e.target || e.srcTarget || e.srcElement;","          if ($(target).closest('.' + o.wrapperClass).is(me.parent())) {","            // scroll content","            scrollContent(delta, true);","          }","","          // stop window scroll","          if (e.preventDefault && !releaseScroll) { e.preventDefault(); }","          if (!releaseScroll) { e.returnValue = false; }","        }","","        function scrollContent(y, isWheel, isJump)","        {","          releaseScroll = false;","          var delta = y;","          var maxTop = me.outerHeight() - bar.outerHeight();","","          if (isWheel)","          {","            // move bar with mouse wheel","            delta = parseInt(bar.css('top')) + y * parseInt(o.wheelStep) / 100 * bar.outerHeight();","","            // move bar, make sure it doesn't go out","            delta = Math.min(Math.max(delta, 0), maxTop);","","            // if scrolling down, make sure a fractional change to the","            // scroll position isn't rounded away when the scrollbar's CSS is set","            // this flooring of delta would happened automatically when","            // bar.css is set below, but we floor here for clarity","            delta = (y > 0) ? Math.ceil(delta) : Math.floor(delta);","","            // scroll the scrollbar","            bar.css({ top: delta + 'px' });","          }","","          // calculate actual scroll amount","          percentScroll = parseInt(bar.css('top')) / (me.outerHeight() - bar.outerHeight());","          delta = percentScroll * (me[0].scrollHeight - me.outerHeight());","","          if (isJump)","          {","            delta = y;","            var offsetTop = delta / me[0].scrollHeight * me.outerHeight();","            offsetTop = Math.min(Math.max(offsetTop, 0), maxTop);","            bar.css({ top: offsetTop + 'px' });","          }","","          // scroll content","          me.scrollTop(delta);","","          // fire scrolling event","          me.trigger('slimscrolling', ~~delta);","","          // ensure bar is visible","          showBar();","","          // trigger hide when scroll is stopped","          hideBar();","        }","","        function attachWheel(target)","        {","          if (window.addEventListener)","          {","            target.addEventListener('DOMMouseScroll', _onWheel, false );","            target.addEventListener('mousewheel', _onWheel, false );","          }","          else","          {","            document.attachEvent(\"onmousewheel\", _onWheel)","          }","        }","","        function getBarHeight()","        {","          // calculate scrollbar height and make sure it is not too small","          barHeight = Math.max((me.outerHeight() / me[0].scrollHeight) * me.outerHeight(), minBarHeight);","          bar.css({ height: barHeight + 'px' });","","          // hide scrollbar if content is not long enough","          var display = barHeight == me.outerHeight() ? 'none' : 'block';","          bar.css({ display: display });","        }","","        function showBar()","        {","          // recalculate bar height","          getBarHeight();","          clearTimeout(queueHide);","","          // when bar reached top or bottom","          if (percentScroll == ~~percentScroll)","          {","            //release wheel","            releaseScroll = o.allowPageScroll;","","            // publish approporiate event","            if (lastScroll != percentScroll)","            {","                var msg = (~~percentScroll == 0) ? 'top' : 'bottom';","                me.trigger('slimscroll', msg);","            }","          }","          else","          {","            releaseScroll = false;","          }","          lastScroll = percentScroll;","","          // show only when required","          if(barHeight >= me.outerHeight()) {","            //allow window scroll","            releaseScroll = true;","            return;","          }","          bar.stop(true,true).fadeIn('fast');","          if (o.railVisible) { rail.stop(true,true).fadeIn('fast'); }","        }","","        function hideBar()","        {","          // only hide when options allow it","          if (!o.alwaysVisible)","          {","            queueHide = setTimeout(function(){","              if (!(o.disableFadeOut && isOverPanel) && !isOverBar && !isDragg)","              {","                bar.fadeOut('slow');","                rail.fadeOut('slow');","              }","            }, 1000);","          }","        }","","      });","","      // maintain chainability","      return this;","    }","  });","","  $.fn.extend({","    slimscroll: $.fn.slimScroll","  });","","})(jQuery);",""],"l":{"8":2,"10":0,"13":0,"82":0,"85":0,"87":0,"94":0,"97":0,"100":0,"103":0,"104":0,"106":0,"109":0,"112":0,"113":0,"114":0,"115":0,"116":0,"117":0,"118":0,"119":0,"120":0,"121":0,"124":0,"127":0,"129":0,"132":0,"134":0,"137":0,"138":0,"139":0,"140":0,"144":0,"147":0,"149":0,"151":0,"153":0,"158":0,"161":0,"171":0,"178":0,"193":0,"210":0,"211":0,"212":0,"215":0,"218":0,"219":0,"222":0,"223":0,"224":0,"225":0,"226":0,"227":0,"229":0,"230":0,"231":0,"232":0,"235":0,"236":0,"237":0,"239":0,"241":0,"242":0,"243":0,"248":0,"249":0,"251":0,"255":0,"256":0,"258":0,"262":0,"263":0,"264":0,"265":0,"267":0,"268":0,"272":0,"273":0,"276":0,"280":0,"282":0,"284":0,"286":0,"289":0,"291":0,"292":0,"297":0,"300":0,"303":0,"304":0,"306":0,"309":0,"312":0,"316":0,"318":1,"321":0,"323":0,"325":0,"326":0,"327":0,"329":0,"330":0,"332":0,"336":0,"337":0,"340":1,"342":0,"343":0,"344":0,"346":0,"349":0,"352":0,"358":0,"361":0,"365":0,"366":0,"368":0,"370":0,"371":0,"372":0,"373":0,"377":0,"380":0,"383":0,"386":0,"389":1,"391":0,"393":0,"394":0,"398":0,"402":1,"405":0,"406":0,"409":0,"410":0,"413":1,"416":0,"417":0,"420":0,"423":0,"426":0,"428":0,"429":0,"434":0,"436":0,"439":0,"441":0,"442":0,"444":0,"445":0,"448":1,"451":0,"453":0,"454":0,"456":0,"457":0,"466":0,"470":0}}}